<?xml version="1.0" encoding="UTF-8"?>
<testsuite name="org.finra.upload.service.DocumentTest" time="0" tests="1" errors="0" skipped="1" failures="0">
  <properties>
[...]
</properties>
  <testcase name="org.finra.upload.service.DocumentTest" classname="org.finra.upload.service.DocumentTest" time="0">
    <skipped/>
    <system-out>11:45:17.509 [main] DEBUG o.s.t.c.s.DirtiesContextTestExecutionListener - After test class: context [DefaultTestContext@6960691a testClass = UploadControllerTest, testInstance = [null], testMethod = [null], testException = [null], mergedContextConfiguration = [WebMergedContextConfiguration@38946002 testClass = UploadControllerTest, locations = '{}', classes = '{class org.finra.rest.config.AppConfig}', contextInitializerClasses = '[]', activeProfiles = '{}', resourceBasePath = 'src/main/webapp', contextLoader = 'org.springframework.boot.test.SpringApplicationContextLoader', parent = [null]]], dirtiesContext [false].
</system-out>
  </testcase>
</testsuite>